<?xml version="1.0" encoding="UTF-8"?>
<testng-results ignored="0" total="5" passed="2" failed="3" skipped="0">
  <reporter-output>
  </reporter-output>
  <suite started-at="2023-02-26T09:22:55 EST" name="Default suite" finished-at="2023-02-26T09:23:02 EST" duration-ms="7855">
    <groups>
      <group name="cucumber">
        <method signature="AbstractTestNGCucumberTests.runScenario(io.cucumber.testng.PickleWrapper,io.cucumber.testng.FeatureWrapper)[pri:0, instance:runner.Test_runner@b3ca52e]" name="runScenario" class="io.cucumber.testng.AbstractTestNGCucumberTests"/>
      </group> <!-- cucumber -->
    </groups>
    <test started-at="2023-02-26T09:22:55 EST" name="Default test" finished-at="2023-02-26T09:23:02 EST" duration-ms="7855">
      <class name="runner.Test_runner">
        <test-method is-config="true" signature="setUpClass(org.testng.ITestContext)[pri:0, instance:runner.Test_runner@b3ca52e]" started-at="2023-02-26T09:22:55 EST" name="setUpClass" finished-at="2023-02-26T09:22:58 EST" duration-ms="3312" status="PASS">
          <params>
            <param index="0">
              <value>
                <![CDATA[org.testng.TestRunner@7f5fcfe9]]>
              </value>
            </param>
          </params>
          <reporter-output>
          </reporter-output>
        </test-method> <!-- setUpClass -->
        <test-method signature="runScenario(io.cucumber.testng.PickleWrapper,io.cucumber.testng.FeatureWrapper)[pri:0, instance:runner.Test_runner@b3ca52e]" started-at="2023-02-26T09:22:58 EST" name="runScenario" description="Runs Cucumber Scenarios" data-provider="scenarios" finished-at="2023-02-26T09:22:59 EST" duration-ms="1169" status="PASS">
          <params>
            <param index="0">
              <value>
                <![CDATA["Check login page"]]>
              </value>
            </param>
            <param index="1">
              <value>
                <![CDATA["Check login Functionality"]]>
              </value>
            </param>
          </params>
          <reporter-output>
          </reporter-output>
        </test-method> <!-- runScenario -->
        <test-method signature="runScenario(io.cucumber.testng.PickleWrapper,io.cucumber.testng.FeatureWrapper)[pri:0, instance:runner.Test_runner@b3ca52e]" started-at="2023-02-26T09:22:59 EST" name="runScenario" description="Runs Cucumber Scenarios" data-provider="scenarios" finished-at="2023-02-26T09:23:02 EST" duration-ms="3168" status="PASS">
          <params>
            <param index="0">
              <value>
                <![CDATA["check login with Valid username and password"]]>
              </value>
            </param>
            <param index="1">
              <value>
                <![CDATA["Check login Functionality"]]>
              </value>
            </param>
          </params>
          <reporter-output>
          </reporter-output>
        </test-method> <!-- runScenario -->
        <test-method signature="runScenario(io.cucumber.testng.PickleWrapper,io.cucumber.testng.FeatureWrapper)[pri:0, instance:runner.Test_runner@b3ca52e]" started-at="2023-02-26T09:23:02 EST" name="runScenario" description="Runs Cucumber Scenarios" data-provider="scenarios" finished-at="2023-02-26T09:23:02 EST" duration-ms="41" status="FAIL">
          <params>
            <param index="0">
              <value>
                <![CDATA["The user is able to navigate to Data Structure introduction page"]]>
              </value>
            </param>
            <param index="1">
              <value>
                <![CDATA["The user is in the Home page after logged in"]]>
              </value>
            </param>
          </params>
          <exception class="java.lang.NullPointerException">
            <message>
              <![CDATA[Cannot invoke "org.openqa.selenium.WebElement.click()" because "this.dataSbtn" is null]]>
            </message>
            <full-stacktrace>
              <![CDATA[java.lang.NullPointerException: Cannot invoke "org.openqa.selenium.WebElement.click()" because "this.dataSbtn" is null
at Page_Factory.Data_Structure.getstartedDS(Data_Structure.java:31)
at Step_definition.DataStructureSD.the_user_clicks_get_started_button_below_the_data_structures_introduction(DataStructureSD.java:20)
at ✽.The user clicks  Get Started button below the Data structures-Introduction(file:///C:/Users/priya/eclipse-workspace/Project_dsalgo/src/test/resources/features/02_DataStructure.feature:5)
]]>
            </full-stacktrace>
          </exception> <!-- java.lang.NullPointerException -->
          <reporter-output>
          </reporter-output>
        </test-method> <!-- runScenario -->
        <test-method signature="runScenario(io.cucumber.testng.PickleWrapper,io.cucumber.testng.FeatureWrapper)[pri:0, instance:runner.Test_runner@b3ca52e]" started-at="2023-02-26T09:23:02 EST" name="runScenario" description="Runs Cucumber Scenarios" data-provider="scenarios" finished-at="2023-02-26T09:23:02 EST" duration-ms="13" status="FAIL">
          <params>
            <param index="0">
              <value>
                <![CDATA["The user is able to navigate to Time Complexity page"]]>
              </value>
            </param>
            <param index="1">
              <value>
                <![CDATA["The user is in the Home page after logged in"]]>
              </value>
            </param>
          </params>
          <exception class="java.lang.NullPointerException">
            <message>
              <![CDATA[Cannot invoke "org.openqa.selenium.WebElement.click()" because "Page_Factory.Data_Structure.timeC" is null]]>
            </message>
            <full-stacktrace>
              <![CDATA[java.lang.NullPointerException: Cannot invoke "org.openqa.selenium.WebElement.click()" because "Page_Factory.Data_Structure.timeC" is null
at Page_Factory.Data_Structure.timec(Data_Structure.java:35)
at Step_definition.DataStructureSD.the_user_clicks_time_complexity_button(DataStructureSD.java:35)
at ✽.The user clicks Time Complexity button(file:///C:/Users/priya/eclipse-workspace/Project_dsalgo/src/test/resources/features/02_DataStructure.feature:10)
]]>
            </full-stacktrace>
          </exception> <!-- java.lang.NullPointerException -->
          <reporter-output>
          </reporter-output>
        </test-method> <!-- runScenario -->
        <test-method signature="runScenario(io.cucumber.testng.PickleWrapper,io.cucumber.testng.FeatureWrapper)[pri:0, instance:runner.Test_runner@b3ca52e]" started-at="2023-02-26T09:23:02 EST" name="runScenario" description="Runs Cucumber Scenarios" data-provider="scenarios" finished-at="2023-02-26T09:23:02 EST" duration-ms="15" status="FAIL">
          <params>
            <param index="0">
              <value>
                <![CDATA["check text editor"]]>
              </value>
            </param>
            <param index="1">
              <value>
                <![CDATA["The user is in the Home page after logged in"]]>
              </value>
            </param>
          </params>
          <exception class="java.lang.NullPointerException">
            <message>
              <![CDATA[Cannot invoke "org.openqa.selenium.WebElement.click()" because "Page_Factory.Data_Structure.tryhere" is null]]>
            </message>
            <full-stacktrace>
              <![CDATA[java.lang.NullPointerException: Cannot invoke "org.openqa.selenium.WebElement.click()" because "Page_Factory.Data_Structure.tryhere" is null
at Page_Factory.Data_Structure.tryhere(Data_Structure.java:39)
at Step_definition.DataStructureSD.the_user_clicks_try_here_button(DataStructureSD.java:50)
at ✽.The user clicks Try Here button(file:///C:/Users/priya/eclipse-workspace/Project_dsalgo/src/test/resources/features/02_DataStructure.feature:15)
]]>
            </full-stacktrace>
          </exception> <!-- java.lang.NullPointerException -->
          <reporter-output>
          </reporter-output>
        </test-method> <!-- runScenario -->
        <test-method is-config="true" signature="tearDownClass()[pri:0, instance:runner.Test_runner@b3ca52e]" started-at="2023-02-26T09:23:02 EST" name="tearDownClass" finished-at="2023-02-26T09:23:02 EST" duration-ms="64" status="PASS">
          <reporter-output>
          </reporter-output>
        </test-method> <!-- tearDownClass -->
      </class> <!-- runner.Test_runner -->
    </test> <!-- Default test -->
  </suite> <!-- Default suite -->
</testng-results>
