<?xml version="1.0" encoding="UTF-8"?>
<!-- Generated by org.testng.reporters.JUnitXMLReporter -->
<testsuite ignored="0" hostname="Priya" failures="3" tests="5" name="Default test" time="7.855" errors="0" timestamp="2023-02-26T09:23:02 EST">
  <testcase classname="io.cucumber.testng.AbstractTestNGCucumberTests" name="runScenario" time="1.169"/>
  <testcase classname="io.cucumber.testng.AbstractTestNGCucumberTests" name="runScenario" time="3.168"/>
  <testcase classname="io.cucumber.testng.AbstractTestNGCucumberTests" name="runScenario" time="0.041">
    <failure type="java.lang.NullPointerException" message="Cannot invoke &amp;quot;org.openqa.selenium.WebElement.click()&amp;quot; because &amp;quot;this.dataSbtn&amp;quot; is null">
      <![CDATA[java.lang.NullPointerException: Cannot invoke "org.openqa.selenium.WebElement.click()" because "this.dataSbtn" is null
at Page_Factory.Data_Structure.getstartedDS(Data_Structure.java:31)
at Step_definition.DataStructureSD.the_user_clicks_get_started_button_below_the_data_structures_introduction(DataStructureSD.java:20)
at ✽.The user clicks  Get Started button below the Data structures-Introduction(file:///C:/Users/priya/eclipse-workspace/Project_dsalgo/src/test/resources/features/02_DataStructure.feature:5)
]]>
    </failure>
  </testcase> <!-- runScenario -->
  <testcase classname="io.cucumber.testng.AbstractTestNGCucumberTests" name="runScenario" time="0.013">
    <failure type="java.lang.NullPointerException" message="Cannot invoke &amp;quot;org.openqa.selenium.WebElement.click()&amp;quot; because &amp;quot;Page_Factory.Data_Structure.timeC&amp;quot; is null">
      <![CDATA[java.lang.NullPointerException: Cannot invoke "org.openqa.selenium.WebElement.click()" because "Page_Factory.Data_Structure.timeC" is null
at Page_Factory.Data_Structure.timec(Data_Structure.java:35)
at Step_definition.DataStructureSD.the_user_clicks_time_complexity_button(DataStructureSD.java:35)
at ✽.The user clicks Time Complexity button(file:///C:/Users/priya/eclipse-workspace/Project_dsalgo/src/test/resources/features/02_DataStructure.feature:10)
]]>
    </failure>
  </testcase> <!-- runScenario -->
  <testcase classname="io.cucumber.testng.AbstractTestNGCucumberTests" name="runScenario" time="0.015">
    <failure type="java.lang.NullPointerException" message="Cannot invoke &amp;quot;org.openqa.selenium.WebElement.click()&amp;quot; because &amp;quot;Page_Factory.Data_Structure.tryhere&amp;quot; is null">
      <![CDATA[java.lang.NullPointerException: Cannot invoke "org.openqa.selenium.WebElement.click()" because "Page_Factory.Data_Structure.tryhere" is null
at Page_Factory.Data_Structure.tryhere(Data_Structure.java:39)
at Step_definition.DataStructureSD.the_user_clicks_try_here_button(DataStructureSD.java:50)
at ✽.The user clicks Try Here button(file:///C:/Users/priya/eclipse-workspace/Project_dsalgo/src/test/resources/features/02_DataStructure.feature:15)
]]>
    </failure>
  </testcase> <!-- runScenario -->
</testsuite> <!-- Default test -->
